  main.cpp
E:\Cpp_Project\zl_cpp_project\C++\MiniSTL\miniList.h(105,17): error C2373: “List<T>::begin”: 重定义；不同的类型修饰符
  (编译源文件“main.cpp”)
  E:\Cpp_Project\zl_cpp_project\C++\MiniSTL\miniList.h(97,11):
  参见“List<T>::begin”的声明
  E:\Cpp_Project\zl_cpp_project\C++\MiniSTL\miniList.h(105,17):
  模板实例化上下文(最早的实例化上下文)为
  	E:\Cpp_Project\zl_cpp_project\C++\MiniSTL\miniList.h(75,7):
  	在编译类模板“List”时
  
E:\Cpp_Project\zl_cpp_project\C++\MiniSTL\miniList.h(107,3): error C2059: 语法错误:“return”
  (编译源文件“main.cpp”)
  
E:\Cpp_Project\zl_cpp_project\C++\MiniSTL\miniList.h(107,21): error C2238: 意外的标记位于“;”之前
  (编译源文件“main.cpp”)
  
E:\Cpp_Project\zl_cpp_project\C++\MiniSTL\miniList.h(109,2): error C2143: 语法错误: 缺少“;”(在“const”的前面)
  (编译源文件“main.cpp”)
  
E:\Cpp_Project\zl_cpp_project\C++\MiniSTL\miniList.h(98,1): error C2333: “List<int>::begin”: 函数声明中有错误；跳过函数体
  (编译源文件“main.cpp”)
  E:\Cpp_Project\zl_cpp_project\C++\MiniSTL\miniList.h(98,1):
  模板实例化上下文(最早的实例化上下文)为
  	E:\Cpp_Project\zl_cpp_project\C++\MiniSTL\main.cpp(12,13):
  	查看对正在编译的 类 模板 实例化“List<int>”的引用
  
E:\Cpp_Project\zl_cpp_project\C++\MiniSTL\main.cpp(12,25): error C2512: “ListIterator<T,T &,T *>”: 没有合适的默认构造函数可用
E:\Cpp_Project\zl_cpp_project\C++\MiniSTL\main.cpp(12,25): error C2512:         with
E:\Cpp_Project\zl_cpp_project\C++\MiniSTL\main.cpp(12,25): error C2512:         [
E:\Cpp_Project\zl_cpp_project\C++\MiniSTL\main.cpp(12,25): error C2512:             T=int
E:\Cpp_Project\zl_cpp_project\C++\MiniSTL\main.cpp(12,25): error C2512:         ]
  E:\Cpp_Project\zl_cpp_project\C++\MiniSTL\miniList.h(20,7):
  参见“ListIterator<T,T &,T *>”的声明
          with
          [
              T=int
          ]
  
E:\Cpp_Project\zl_cpp_project\C++\MiniSTL\main.cpp(23,5): error C2039: "push_back": 不是 "List<int>" 的成员
  E:\Cpp_Project\zl_cpp_project\C++\MiniSTL\miniList.h(75,7):
  参见“List<int>”的声明
  
